0 info it worked if it ends with ok
1 verbose cli [ 'C:\\Program Files\\nodejs\\node.exe',
1 verbose cli   'C:\\Program Files\\nodejs\\node_modules\\npm\\bin\\npm-cli.js',
1 verbose cli   'publish' ]
2 info using npm@3.10.10
3 info using node@v7.3.0
4 verbose publish [ '.' ]
5 silly cache add args [ '.', null ]
6 verbose cache add spec .
7 silly cache add parsed spec Result {
7 silly cache add   raw: '.',
7 silly cache add   scope: null,
7 silly cache add   escapedName: null,
7 silly cache add   name: null,
7 silly cache add   rawSpec: '.',
7 silly cache add   spec: 'C:\\deploy-build-to-s3',
7 silly cache add   type: 'directory' }
8 verbose addLocalDirectory C:\Users\johnsons\AppData\Roaming\npm-cache\lambda-deploy-codepipeline-artifact-to-s3-website\1.0.0\package.tgz not in flight; packing
9 verbose correctMkdir C:\Users\johnsons\AppData\Roaming\npm-cache correctMkdir not in flight; initializing
10 info lifecycle lambda-deploy-codepipeline-artifact-to-s3-website@1.0.0~prepublish: lambda-deploy-codepipeline-artifact-to-s3-website@1.0.0
11 silly lifecycle lambda-deploy-codepipeline-artifact-to-s3-website@1.0.0~prepublish: no script for prepublish, continuing
12 verbose tar pack [ 'C:\\Users\\johnsons\\AppData\\Roaming\\npm-cache\\lambda-deploy-codepipeline-artifact-to-s3-website\\1.0.0\\package.tgz',
12 verbose tar pack   'C:\\deploy-build-to-s3' ]
13 verbose tarball C:\Users\johnsons\AppData\Roaming\npm-cache\lambda-deploy-codepipeline-artifact-to-s3-website\1.0.0\package.tgz
14 verbose folder C:\deploy-build-to-s3
15 verbose addLocalTarball adding from inside cache C:\Users\johnsons\AppData\Roaming\npm-cache\lambda-deploy-codepipeline-artifact-to-s3-website\1.0.0\package.tgz
16 verbose correctMkdir C:\Users\johnsons\AppData\Roaming\npm-cache correctMkdir not in flight; initializing
17 silly cache afterAdd lambda-deploy-codepipeline-artifact-to-s3-website@1.0.0
18 verbose afterAdd C:\Users\johnsons\AppData\Roaming\npm-cache\lambda-deploy-codepipeline-artifact-to-s3-website\1.0.0\package\package.json not in flight; writing
19 verbose correctMkdir C:\Users\johnsons\AppData\Roaming\npm-cache correctMkdir not in flight; initializing
20 verbose afterAdd C:\Users\johnsons\AppData\Roaming\npm-cache\lambda-deploy-codepipeline-artifact-to-s3-website\1.0.0\package\package.json written
21 silly publish { name: 'lambda-deploy-codepipeline-artifact-to-s3-website',
21 silly publish   version: '1.0.0',
21 silly publish   description: '',
21 silly publish   main: 'index.js',
21 silly publish   scripts:
21 silly publish    { build: 'tsc && gulp install && gulp build:zip',
21 silly publish      test: 'echo "Error: no test specified" && exit 1' },
21 silly publish   author: '',
21 silly publish   license: 'ISC',
21 silly publish   dependencies: { 'aws-sdk': '^2.77.0', unzip: '^0.1.11' },
21 silly publish   devDependencies:
21 silly publish    { '@types/node': '^8.0.2',
21 silly publish      gulp: '^3.9.1',
21 silly publish      'gulp-install': '^1.1.0',
21 silly publish      'gulp-zip': '^4.0.0',
21 silly publish      typescript: '^2.3.4' },
21 silly publish   gitHead: 'abb2b8ac52f3c23482c2d231644356f390c18e0c',
21 silly publish   readme: 'ERROR: No README data found!',
21 silly publish   _id: 'lambda-deploy-codepipeline-artifact-to-s3-website@1.0.0',
21 silly publish   _shasum: '98e434c22acaf73566dd6e4cd03e5c07e7bffb90',
21 silly publish   _from: '.' }
22 verbose getPublishConfig undefined
23 silly mapToRegistry name lambda-deploy-codepipeline-artifact-to-s3-website
24 silly mapToRegistry using default registry
25 silly mapToRegistry registry https://registry.npmjs.org/
26 silly mapToRegistry data Result {
26 silly mapToRegistry   raw: 'lambda-deploy-codepipeline-artifact-to-s3-website',
26 silly mapToRegistry   scope: null,
26 silly mapToRegistry   escapedName: 'lambda-deploy-codepipeline-artifact-to-s3-website',
26 silly mapToRegistry   name: 'lambda-deploy-codepipeline-artifact-to-s3-website',
26 silly mapToRegistry   rawSpec: '',
26 silly mapToRegistry   spec: 'latest',
26 silly mapToRegistry   type: 'tag' }
27 silly mapToRegistry uri https://registry.npmjs.org/lambda-deploy-codepipeline-artifact-to-s3-website
28 verbose publish registryBase https://registry.npmjs.org/
29 silly publish uploading C:\Users\johnsons\AppData\Roaming\npm-cache\lambda-deploy-codepipeline-artifact-to-s3-website\1.0.0\package.tgz
30 verbose request uri https://registry.npmjs.org/lambda-deploy-codepipeline-artifact-to-s3-website
31 verbose request sending authorization for write operation
32 info attempt registry request try #1 at 6:06:21 PM
33 verbose request using bearer token for auth
34 verbose request id b7db2434f8f1f71e
35 http request PUT https://registry.npmjs.org/lambda-deploy-codepipeline-artifact-to-s3-website
36 http 403 https://registry.npmjs.org/lambda-deploy-codepipeline-artifact-to-s3-website
37 verbose headers { 'content-type': 'application/json',
37 verbose headers   'cache-control': 'max-age=300',
37 verbose headers   'content-length': '95',
37 verbose headers   'accept-ranges': 'bytes',
37 verbose headers   date: 'Mon, 26 Jun 2017 23:06:25 GMT',
37 verbose headers   via: '1.1 varnish',
37 verbose headers   connection: 'keep-alive',
37 verbose headers   'x-served-by': 'cache-atl6225-ATL',
37 verbose headers   'x-cache': 'MISS',
37 verbose headers   'x-cache-hits': '0',
37 verbose headers   'x-timer': 'S1498518385.156867,VS0,VE634',
37 verbose headers   vary: 'Accept-Encoding' }
38 verbose request invalidating C:\Users\johnsons\AppData\Roaming\npm-cache\registry.npmjs.org\lambda-deploy-codepipeline-artifact-to-s3-website on PUT
39 error publish Failed PUT 403
40 verbose stack Error: "You cannot publish over the previously published version 1.0.0." : lambda-deploy-codepipeline-artifact-to-s3-website
40 verbose stack     at makeError (C:\Program Files\nodejs\node_modules\npm\node_modules\npm-registry-client\lib\request.js:302:12)
40 verbose stack     at CachingRegistryClient.<anonymous> (C:\Program Files\nodejs\node_modules\npm\node_modules\npm-registry-client\lib\request.js:290:14)
40 verbose stack     at Request._callback (C:\Program Files\nodejs\node_modules\npm\node_modules\npm-registry-client\lib\request.js:210:14)
40 verbose stack     at Request.self.callback (C:\Program Files\nodejs\node_modules\npm\node_modules\request\request.js:187:22)
40 verbose stack     at emitTwo (events.js:106:13)
40 verbose stack     at Request.emit (events.js:191:7)
40 verbose stack     at Request.<anonymous> (C:\Program Files\nodejs\node_modules\npm\node_modules\request\request.js:1048:10)
40 verbose stack     at emitOne (events.js:96:13)
40 verbose stack     at Request.emit (events.js:188:7)
40 verbose stack     at IncomingMessage.<anonymous> (C:\Program Files\nodejs\node_modules\npm\node_modules\request\request.js:969:12)
41 verbose statusCode 403
42 verbose pkgid lambda-deploy-codepipeline-artifact-to-s3-website
43 verbose cwd C:\deploy-build-to-s3
44 error Windows_NT 10.0.15063
45 error argv "C:\\Program Files\\nodejs\\node.exe" "C:\\Program Files\\nodejs\\node_modules\\npm\\bin\\npm-cli.js" "publish"
46 error node v7.3.0
47 error npm  v3.10.10
48 error code E403
49 error "You cannot publish over the previously published version 1.0.0." : lambda-deploy-codepipeline-artifact-to-s3-website
50 error If you need help, you may report this error at:
50 error     <https://github.com/npm/npm/issues>
51 verbose exit [ 1, true ]
